<?xml version="1.0" encoding="UTF-8"?>
<testsuite name="ContractTests" tests="11" failures="0" time="0">
  <testcase name="test_critical_enum_ThreadState" classname="TestFinalContracts" time="0"/>
  <testcase name="test_critical_enum_BondState" classname="TestFinalContracts" time="0"/>
  <testcase name="test_critical_enum_Priority" classname="TestFinalContracts" time="0"/>
  <testcase name="test_critical_enum_EntityType" classname="TestFinalContracts" time="0"/>
  <testcase name="test_critical_enum_AccessType" classname="TestFinalContracts" time="0"/>
  <testcase name="test_critical_entity_Bond" classname="TestFinalContracts" time="0"/>
  <testcase name="test_critical_entity_Thread" classname="TestFinalContracts" time="0"/>
  <testcase name="test_critical_entity_Moment" classname="TestFinalContracts" time="0"/>
  <testcase name="test_critical_entity_Filament" classname="TestFinalContracts" time="0"/>
  <testcase name="test_critical_entity_Focus" classname="TestFinalContracts" time="0"/>
  <testcase name="test_comprehensive_validation" classname="TestFinalContracts" time="0"/>
</testsuite>
